2024-10-31 17:00:10,367 - admm_optimizer - DEBUG - Initial problem: \ This file has been generated by DOcplex
\ ENCODING=ISO-8859-1
\Problem name: unit_commitment

Minimize
 obj: 34.749467451248 y_0 + 12.008775162250 y_1 + 17.539021756143 y_2
      + 32.476286511764 y_3 + 28.632864410371 y_4 + 31.509258448746 y_5
      + 0.800725536916 p_0 + 1.300259136615 p_1 + 0.976449506922 p_2
      + 0.525551156031 p_3 + 1.400669234135 p_4 + 1.036595198377 p_5 + [
      0.091561511863 p_0^2 + 0.070869930433 p_1^2 + 0.064519030487 p_2^2
      + 0.096722678833 p_3^2 + 0.082531429949 p_4^2 + 0.060326284698 p_5^2 ]/2
Subject To
 power_balance: p_0 + p_1 + p_2 + p_3 + p_4 + p_5 = 150
 min_power_0: - 11.035111780969 y_0 + p_0 >= 0
 max_power_0: - 75.145661876750 y_0 + p_0 <= 0
 min_power_1: - 19.454787225748 y_1 + p_1 >= 0
 max_power_1: - 99.087095150693 y_1 + p_1 <= 0
 min_power_2: - 14.819734422792 y_2 + p_2 >= 0
 max_power_2: - 70.733460341094 y_2 + p_2 <= 0
 min_power_3: - 11.064594989825 y_3 + p_3 >= 0
 max_power_3: - 81.900277919636 y_3 + p_3 <= 0
 min_power_4: - 19.535339862176 y_4 + p_4 >= 0
 max_power_4: - 77.371632953875 y_4 + p_4 <= 0
 min_power_5: - 14.401089693240 y_5 + p_5 >= 0
 max_power_5: - 53.879329767371 y_5 + p_5 <= 0

Bounds
 0 <= y_0 <= 1
 0 <= y_1 <= 1
 0 <= y_2 <= 1
 0 <= y_3 <= 1
 0 <= y_4 <= 1
 0 <= y_5 <= 1
       p_0 <= 75.145661876750
       p_1 <= 99.087095150693
       p_2 <= 70.733460341094
       p_3 <= 81.900277919636
       p_4 <= 77.371632953875
       p_5 <= 53.879329767371

Binaries
 y_0 y_1 y_2 y_3 y_4 y_5
End

2024-10-31 17:00:10,369 - admm_optimizer - DEBUG - Binary Indices: [0, 1, 2, 3, 4, 5]
2024-10-31 17:00:10,369 - admm_optimizer - DEBUG - Continuous Indices: [6, 7, 8, 9, 10, 11]
2024-10-31 17:00:10,699 - qiskit_optimization.algorithms.multistart_optimizer - DEBUG - minimize done in: 0.32832789421081543 seconds
2024-10-31 17:00:10,705 - admm_optimizer - DEBUG - Continuous relaxation: [ 0.29262891  0.26416691  0.44966311  0.29722672  0.23581761  0.50928441
 21.98979287 26.17553209 31.80622759 24.34295081 18.2455938  27.43990284]
2024-10-31 17:00:10,705 - admm_optimizer - DEBUG - Binary var indices: {0, 1, 2, 3, 4, 5}
2024-10-31 17:00:10,706 - admm_optimizer - DEBUG - q0: [[0. 0. 0. 0. 0. 0.]
 [0. 0. 0. 0. 0. 0.]
 [0. 0. 0. 0. 0. 0.]
 [0. 0. 0. 0. 0. 0.]
 [0. 0. 0. 0. 0. 0.]
 [0. 0. 0. 0. 0. 0.]]
2024-10-31 17:00:10,706 - admm_optimizer - DEBUG - c0: [34.74946745 12.00877516 17.53902176 32.47628651 28.63286441 31.50925845]
2024-10-31 17:00:10,706 - admm_optimizer - DEBUG - q1: [[0.04578076 0.         0.         0.         0.         0.        ]
 [0.         0.03543497 0.         0.         0.         0.        ]
 [0.         0.         0.03225952 0.         0.         0.        ]
 [0.         0.         0.         0.04836134 0.         0.        ]
 [0.         0.         0.         0.         0.04126571 0.        ]
 [0.         0.         0.         0.         0.         0.03016314]]
2024-10-31 17:00:10,706 - admm_optimizer - DEBUG - c1: [0.80072554 1.30025914 0.97644951 0.52555116 1.40066923 1.0365952 ]
2024-10-31 17:00:10,706 - admm_optimizer - DEBUG - op objective linear: [34.74946745 12.00877516 17.53902176 32.47628651 28.63286441 31.50925845
  0.80072554  1.30025914  0.97644951  0.52555116  1.40066923  1.0365952 ]
2024-10-31 17:00:10,706 - admm_optimizer - DEBUG - Iteration: 1
2024-10-31 17:00:10,707 - admm_optimizer - DEBUG - q0: [[0. 0. 0. 0. 0. 0.]
 [0. 0. 0. 0. 0. 0.]
 [0. 0. 0. 0. 0. 0.]
 [0. 0. 0. 0. 0. 0.]
 [0. 0. 0. 0. 0. 0.]
 [0. 0. 0. 0. 0. 0.]]
2024-10-31 17:00:10,707 - admm_optimizer - DEBUG - factor_c: 100
2024-10-31 17:00:10,707 - admm_optimizer - DEBUG - a0: [[0 0 0 0 0 0]]
2024-10-31 17:00:10,707 - admm_optimizer - DEBUG - a0T dot a0:
 [[0 0 0 0 0 0]
 [0 0 0 0 0 0]
 [0 0 0 0 0 0]
 [0 0 0 0 0 0]
 [0 0 0 0 0 0]
 [0 0 0 0 0 0]]
2024-10-31 17:00:10,707 - admm_optimizer - DEBUG - rho: 2500
2024-10-31 17:00:10,707 - admm_optimizer - DEBUG - Identity: 
[[1. 0. 0. 0. 0. 0.]
 [0. 1. 0. 0. 0. 0.]
 [0. 0. 1. 0. 0. 0.]
 [0. 0. 0. 1. 0. 0.]
 [0. 0. 0. 0. 1. 0.]
 [0. 0. 0. 0. 0. 1.]]
2024-10-31 17:00:10,707 - admm_optimizer - DEBUG - Quadratic Objective:
 [[1250.    0.    0.    0.    0.    0.]
 [   0. 1250.    0.    0.    0.    0.]
 [   0.    0. 1250.    0.    0.    0.]
 [   0.    0.    0. 1250.    0.    0.]
 [   0.    0.    0.    0. 1250.    0.]
 [   0.    0.    0.    0.    0. 1250.]]
2024-10-31 17:00:10,708 - admm_optimizer - DEBUG - 

LINEAR OBJECTIVE
2024-10-31 17:00:10,708 - admm_optimizer - DEBUG - c0: [34.74946745 12.00877516 17.53902176 32.47628651 28.63286441 31.50925845]
2024-10-31 17:00:10,708 - admm_optimizer - DEBUG - factor_c: 100
2024-10-31 17:00:10,708 - admm_optimizer - DEBUG - b0:[0.]
2024-10-31 17:00:10,708 - admm_optimizer - DEBUG - dot(b0, a0): [0. 0. 0. 0. 0. 0.]
2024-10-31 17:00:10,708 - admm_optimizer - DEBUG - y[relative_indices]: [0. 0. 0. 0. 0. 0.]
2024-10-31 17:00:10,708 - admm_optimizer - DEBUG - z[relative_indices]: [0.29262891 0.26416691 0.44966311 0.29722672 0.23581761 0.50928441]
2024-10-31 17:00:10,708 - admm_optimizer - DEBUG - lambda_mult[relative_indices]: [0. 0. 0. 0. 0. 0.]
2024-10-31 17:00:10,708 - admm_optimizer - DEBUG - Linear Objective: [ -696.82279906  -648.40850856 -1106.61874729  -710.59050854
  -560.91116815 -1241.70177444]
2024-10-31 17:00:10,712 - qiskit_algorithms.eigensolvers.numpy_eigensolver - DEBUG - NumpyEigensolverResult:
{   'aux_operators_evaluated': None,
    'eigenstates': [   Statevector([1.+0.j, 0.+0.j, 0.+0.j, 0.+0.j, 0.+0.j, 0.+0.j, 0.+0.j,
             0.+0.j, 0.+0.j, 0.+0.j, 0.+0.j, 0.+0.j, 0.+0.j, 0.+0.j,
             0.+0.j, 0.+0.j, 0.+0.j, 0.+0.j, 0.+0.j, 0.+0.j, 0.+0.j,
             0.+0.j, 0.+0.j, 0.+0.j, 0.+0.j, 0.+0.j, 0.+0.j, 0.+0.j,
             0.+0.j, 0.+0.j, 0.+0.j, 0.+0.j, 0.+0.j, 0.+0.j, 0.+0.j,
             0.+0.j, 0.+0.j, 0.+0.j, 0.+0.j, 0.+0.j, 0.+0.j, 0.+0.j,
             0.+0.j, 0.+0.j, 0.+0.j, 0.+0.j, 0.+0.j, 0.+0.j, 0.+0.j,
             0.+0.j, 0.+0.j, 0.+0.j, 0.+0.j, 0.+0.j, 0.+0.j, 0.+0.j,
             0.+0.j, 0.+0.j, 0.+0.j, 0.+0.j, 0.+0.j, 0.+0.j, 0.+0.j,
             0.+0.j],
            dims=(2, 2, 2, 2, 2, 2))],
    'eigenvalues': array([-1267.47324698+0.j])}
2024-10-31 17:00:10,713 - qiskit_algorithms.minimum_eigensolvers.numpy_minimum_eigensolver - DEBUG - NumPy minimum eigensolver result: {   'aux_operators_evaluated': None,
    'eigenstate': Statevector([1.+0.j, 0.+0.j, 0.+0.j, 0.+0.j, 0.+0.j, 0.+0.j, 0.+0.j,
             0.+0.j, 0.+0.j, 0.+0.j, 0.+0.j, 0.+0.j, 0.+0.j, 0.+0.j,
             0.+0.j, 0.+0.j, 0.+0.j, 0.+0.j, 0.+0.j, 0.+0.j, 0.+0.j,
             0.+0.j, 0.+0.j, 0.+0.j, 0.+0.j, 0.+0.j, 0.+0.j, 0.+0.j,
             0.+0.j, 0.+0.j, 0.+0.j, 0.+0.j, 0.+0.j, 0.+0.j, 0.+0.j,
             0.+0.j, 0.+0.j, 0.+0.j, 0.+0.j, 0.+0.j, 0.+0.j, 0.+0.j,
             0.+0.j, 0.+0.j, 0.+0.j, 0.+0.j, 0.+0.j, 0.+0.j, 0.+0.j,
             0.+0.j, 0.+0.j, 0.+0.j, 0.+0.j, 0.+0.j, 0.+0.j, 0.+0.j,
             0.+0.j, 0.+0.j, 0.+0.j, 0.+0.j, 0.+0.j, 0.+0.j, 0.+0.j,
             0.+0.j],
            dims=(2, 2, 2, 2, 2, 2)),
    'eigenvalue': np.complex128(-1267.4732469824294+0j)}
2024-10-31 17:00:10,715 - admm_optimizer - DEBUG - Step 1 sub-problem: \ This file has been generated by DOcplex
\ ENCODING=ISO-8859-1
\Problem name: CPLEX

Minimize
 obj: - 696.822799061568 y_0 - 648.408508556696 y_1 - 1106.618747287810 y_2
      - 710.590508537977 y_3 - 560.911168150347 y_4 - 1241.701774440742 y_5 + [
      2500 y_0^2 + 2500 y_1^2 + 2500 y_2^2 + 2500 y_3^2 + 2500 y_4^2
      + 2500 y_5^2 ]/2
Subject To

Bounds
 0 <= y_0 <= 1
 0 <= y_1 <= 1
 0 <= y_2 <= 1
 0 <= y_3 <= 1
 0 <= y_4 <= 1
 0 <= y_5 <= 1

Binaries
 y_0 y_1 y_2 y_3 y_4 y_5
End

2024-10-31 17:00:10,715 - admm_optimizer - DEBUG - x0=[0. 0. 0. 0. 0. 0.]
2024-10-31 17:00:10,983 - qiskit_optimization.algorithms.multistart_optimizer - DEBUG - minimize done in: 0.2669668197631836 seconds
2024-10-31 17:00:10,990 - admm_optimizer - DEBUG - vars_op2: [ 0.31877159  0.38134822  0.3163365   0.34011052  0.31522795  0.2531321
 23.95430226 37.78668728 22.37557531 27.85514595 24.38970146 13.63858773]
2024-10-31 17:00:10,990 - admm_optimizer - DEBUG - vars_u: [23.95430226 37.78668728 22.37557531 27.85514595 24.38970146 13.63858773]
2024-10-31 17:00:10,990 - admm_optimizer - DEBUG - vars_z: [0.31877159 0.38134822 0.3163365  0.34011052 0.31522795 0.2531321 ]
2024-10-31 17:00:10,991 - admm_optimizer - DEBUG - Step 2 sub-problem: \ This file has been generated by DOcplex
\ ENCODING=ISO-8859-1
\Problem name: unit_commitment

Minimize
 obj: 0.800725536916 p_0 + 1.300259136615 p_1 + 0.976449506922 p_2
      + 0.525551156031 p_3 + 1.400669234135 p_4 + 1.036595198377 p_5 + [
      2500 y_0^2 + 2500 y_1^2 + 2500 y_2^2 + 2500 y_3^2 + 2500 y_4^2
      + 2500 y_5^2 + 0.091561511863 p_0^2 + 0.070869930433 p_1^2
      + 0.064519030487 p_2^2 + 0.096722678833 p_3^2 + 0.082531429949 p_4^2
      + 0.060326284698 p_5^2 ]/2
Subject To
 power_balance: p_0 + p_1 + p_2 + p_3 + p_4 + p_5 = 150
 min_power_0: - 11.035111780969 y_0 + p_0 >= 0
 max_power_0: - 75.145661876750 y_0 + p_0 <= 0
 min_power_1: - 19.454787225748 y_1 + p_1 >= 0
 max_power_1: - 99.087095150693 y_1 + p_1 <= 0
 min_power_2: - 14.819734422792 y_2 + p_2 >= 0
 max_power_2: - 70.733460341094 y_2 + p_2 <= 0
 min_power_3: - 11.064594989825 y_3 + p_3 >= 0
 max_power_3: - 81.900277919636 y_3 + p_3 <= 0
 min_power_4: - 19.535339862176 y_4 + p_4 >= 0
 max_power_4: - 77.371632953875 y_4 + p_4 <= 0
 min_power_5: - 14.401089693240 y_5 + p_5 >= 0
 max_power_5: - 53.879329767371 y_5 + p_5 <= 0

Bounds
       y_0 <= 1
       y_1 <= 1
       y_2 <= 1
       y_3 <= 1
       y_4 <= 1
       y_5 <= 1
       p_0 <= 75.145661876750
       p_1 <= 99.087095150693
       p_2 <= 70.733460341094
       p_3 <= 81.900277919636
       p_4 <= 77.371632953875
       p_5 <= 53.879329767371
End

2024-10-31 17:00:10,991 - admm_optimizer - DEBUG - u=[23.95430226 37.78668728 22.37557531 27.85514595 24.38970146 13.63858773]
2024-10-31 17:00:10,991 - admm_optimizer - DEBUG - z=[0.31877159 0.38134822 0.3163365  0.34011052 0.31522795 0.2531321 ]
2024-10-31 17:00:10,991 - admm_optimizer - DEBUG - lambda: [-796.92897965 -953.37054719 -790.84125127 -850.27629462 -788.06988196
 -632.83024346]
2024-10-31 17:00:10,993 - admm_optimizer - DEBUG - cost_iterate=313.79862025872717, cr=150.00000000000006, merit=150313.79862025878
2024-10-31 17:00:10,993 - admm_optimizer - DEBUG - Iteration: 2
2024-10-31 17:00:10,994 - admm_optimizer - DEBUG - q0: [[0. 0. 0. 0. 0. 0.]
 [0. 0. 0. 0. 0. 0.]
 [0. 0. 0. 0. 0. 0.]
 [0. 0. 0. 0. 0. 0.]
 [0. 0. 0. 0. 0. 0.]
 [0. 0. 0. 0. 0. 0.]]
2024-10-31 17:00:10,994 - admm_optimizer - DEBUG - factor_c: 100
2024-10-31 17:00:10,994 - admm_optimizer - DEBUG - a0: [[0 0 0 0 0 0]]
2024-10-31 17:00:10,994 - admm_optimizer - DEBUG - a0T dot a0:
 [[0 0 0 0 0 0]
 [0 0 0 0 0 0]
 [0 0 0 0 0 0]
 [0 0 0 0 0 0]
 [0 0 0 0 0 0]
 [0 0 0 0 0 0]]
2024-10-31 17:00:10,994 - admm_optimizer - DEBUG - rho: 2750.0
2024-10-31 17:00:10,994 - admm_optimizer - DEBUG - Identity: 
[[1. 0. 0. 0. 0. 0.]
 [0. 1. 0. 0. 0. 0.]
 [0. 0. 1. 0. 0. 0.]
 [0. 0. 0. 1. 0. 0.]
 [0. 0. 0. 0. 1. 0.]
 [0. 0. 0. 0. 0. 1.]]
2024-10-31 17:00:10,994 - admm_optimizer - DEBUG - Quadratic Objective:
 [[1375.    0.    0.    0.    0.    0.]
 [   0. 1375.    0.    0.    0.    0.]
 [   0.    0. 1375.    0.    0.    0.]
 [   0.    0.    0. 1375.    0.    0.]
 [   0.    0.    0.    0. 1375.    0.]
 [   0.    0.    0.    0.    0. 1375.]]
2024-10-31 17:00:10,995 - admm_optimizer - DEBUG - 

LINEAR OBJECTIVE
2024-10-31 17:00:10,995 - admm_optimizer - DEBUG - c0: [34.74946745 12.00877516 17.53902176 32.47628651 28.63286441 31.50925845]
2024-10-31 17:00:10,995 - admm_optimizer - DEBUG - factor_c: 100
2024-10-31 17:00:10,995 - admm_optimizer - DEBUG - b0:[0.]
2024-10-31 17:00:10,995 - admm_optimizer - DEBUG - dot(b0, a0): [0. 0. 0. 0. 0. 0.]
2024-10-31 17:00:10,995 - admm_optimizer - DEBUG - y[relative_indices]: [0. 0. 0. 0. 0. 0.]
2024-10-31 17:00:10,995 - admm_optimizer - DEBUG - z[relative_indices]: [0.31877159 0.38134822 0.3163365  0.34011052 0.31522795 0.2531321 ]
2024-10-31 17:00:10,995 - admm_optimizer - DEBUG - lambda_mult[relative_indices]: [-796.92897965 -953.37054719 -790.84125127 -850.27629462 -788.06988196
 -632.83024346]
2024-10-31 17:00:10,995 - admm_optimizer - DEBUG - Linear Objective: [-1638.80138981 -1990.06937394 -1643.22760591 -1753.1039322
 -1626.31388771 -1297.43425282]
2024-10-31 17:00:10,998 - qiskit_algorithms.eigensolvers.numpy_eigensolver - DEBUG - NumpyEigensolverResult:
{   'aux_operators_evaluated': None,
    'eigenstates': [   Statevector([0.+0.j, 0.+0.j, 0.+0.j, 0.+0.j, 0.+0.j, 0.+0.j, 0.+0.j,
             0.+0.j, 0.+0.j, 0.+0.j, 0.+0.j, 0.+0.j, 0.+0.j, 0.+0.j,
             0.+0.j, 0.+0.j, 0.+0.j, 0.+0.j, 0.+0.j, 0.+0.j, 0.+0.j,
             0.+0.j, 0.+0.j, 0.+0.j, 0.+0.j, 0.+0.j, 0.+0.j, 0.+0.j,
             0.+0.j, 0.+0.j, 0.+0.j, 1.+0.j, 0.+0.j, 0.+0.j, 0.+0.j,
             0.+0.j, 0.+0.j, 0.+0.j, 0.+0.j, 0.+0.j, 0.+0.j, 0.+0.j,
             0.+0.j, 0.+0.j, 0.+0.j, 0.+0.j, 0.+0.j, 0.+0.j, 0.+0.j,
             0.+0.j, 0.+0.j, 0.+0.j, 0.+0.j, 0.+0.j, 0.+0.j, 0.+0.j,
             0.+0.j, 0.+0.j, 0.+0.j, 0.+0.j, 0.+0.j, 0.+0.j, 0.+0.j,
             0.+0.j],
            dims=(2, 2, 2, 2, 2, 2))],
    'eigenvalues': array([-927.04096837+0.j])}
2024-10-31 17:00:10,999 - qiskit_algorithms.minimum_eigensolvers.numpy_minimum_eigensolver - DEBUG - NumPy minimum eigensolver result: {   'aux_operators_evaluated': None,
    'eigenstate': Statevector([0.+0.j, 0.+0.j, 0.+0.j, 0.+0.j, 0.+0.j, 0.+0.j, 0.+0.j,
             0.+0.j, 0.+0.j, 0.+0.j, 0.+0.j, 0.+0.j, 0.+0.j, 0.+0.j,
             0.+0.j, 0.+0.j, 0.+0.j, 0.+0.j, 0.+0.j, 0.+0.j, 0.+0.j,
             0.+0.j, 0.+0.j, 0.+0.j, 0.+0.j, 0.+0.j, 0.+0.j, 0.+0.j,
             0.+0.j, 0.+0.j, 0.+0.j, 1.+0.j, 0.+0.j, 0.+0.j, 0.+0.j,
             0.+0.j, 0.+0.j, 0.+0.j, 0.+0.j, 0.+0.j, 0.+0.j, 0.+0.j,
             0.+0.j, 0.+0.j, 0.+0.j, 0.+0.j, 0.+0.j, 0.+0.j, 0.+0.j,
             0.+0.j, 0.+0.j, 0.+0.j, 0.+0.j, 0.+0.j, 0.+0.j, 0.+0.j,
             0.+0.j, 0.+0.j, 0.+0.j, 0.+0.j, 0.+0.j, 0.+0.j, 0.+0.j,
             0.+0.j],
            dims=(2, 2, 2, 2, 2, 2)),
    'eigenvalue': np.complex128(-927.0409683716285+0j)}
2024-10-31 17:00:11,001 - admm_optimizer - DEBUG - Step 1 sub-problem: \ This file has been generated by DOcplex
\ ENCODING=ISO-8859-1
\Problem name: CPLEX

Minimize
 obj: - 1638.801389808611 y_0 - 1990.069373943259 y_1 - 1643.227605909713 y_2
      - 1753.103932199923 y_3 - 1626.313887705530 y_4 - 1297.434252823779 y_5 +
      [ 2750 y_0^2 + 2750 y_1^2 + 2750 y_2^2 + 2750 y_3^2 + 2750 y_4^2
      + 2750 y_5^2 ]/2
Subject To

Bounds
 0 <= y_0 <= 1
 0 <= y_1 <= 1
 0 <= y_2 <= 1
 0 <= y_3 <= 1
 0 <= y_4 <= 1
 0 <= y_5 <= 1

Binaries
 y_0 y_1 y_2 y_3 y_4 y_5
End

2024-10-31 17:00:11,001 - admm_optimizer - DEBUG - x0=[1. 1. 1. 1. 1. 0.]
2024-10-31 17:00:11,746 - qiskit_optimization.algorithms.multistart_optimizer - DEBUG - minimize done in: 0.7443060874938965 seconds
2024-10-31 17:00:11,753 - admm_optimizer - DEBUG - vars_op2: [7.10207639e-01 6.53319794e-01 7.12421381e-01 6.90808611e-01
 7.13429171e-01 2.44866132e-11 2.84561305e+01 2.97460744e+01
 3.76848129e+01 2.97980015e+01 2.43149808e+01 4.55820814e-08]
2024-10-31 17:00:11,753 - admm_optimizer - DEBUG - vars_u: [2.84561305e+01 2.97460744e+01 3.76848129e+01 2.97980015e+01
 2.43149808e+01 4.55820814e-08]
2024-10-31 17:00:11,754 - admm_optimizer - DEBUG - vars_z: [7.10207639e-01 6.53319794e-01 7.12421381e-01 6.90808611e-01
 7.13429171e-01 2.44866132e-11]
2024-10-31 17:00:11,755 - admm_optimizer - DEBUG - Step 2 sub-problem: \ This file has been generated by DOcplex
\ ENCODING=ISO-8859-1
\Problem name: unit_commitment

Minimize
 obj: - 1953.071020352448 y_0 - 1796.629452806901 y_1 - 1959.158748730545 y_2
      - 1899.723705375387 y_3 - 1961.930118040047 y_4 + 632.830243463107 y_5
      + 0.800725536916 p_0 + 1.300259136615 p_1 + 0.976449506922 p_2
      + 0.525551156031 p_3 + 1.400669234135 p_4 + 1.036595198377 p_5 + [
      2750 y_0^2 + 2750 y_1^2 + 2750 y_2^2 + 2750 y_3^2 + 2750 y_4^2
      + 2750 y_5^2 + 0.091561511863 p_0^2 + 0.070869930433 p_1^2
      + 0.064519030487 p_2^2 + 0.096722678833 p_3^2 + 0.082531429949 p_4^2
      + 0.060326284698 p_5^2 ]/2
Subject To
 power_balance: p_0 + p_1 + p_2 + p_3 + p_4 + p_5 = 150
 min_power_0: - 11.035111780969 y_0 + p_0 >= 0
 max_power_0: - 75.145661876750 y_0 + p_0 <= 0
 min_power_1: - 19.454787225748 y_1 + p_1 >= 0
 max_power_1: - 99.087095150693 y_1 + p_1 <= 0
 min_power_2: - 14.819734422792 y_2 + p_2 >= 0
 max_power_2: - 70.733460341094 y_2 + p_2 <= 0
 min_power_3: - 11.064594989825 y_3 + p_3 >= 0
 max_power_3: - 81.900277919636 y_3 + p_3 <= 0
 min_power_4: - 19.535339862176 y_4 + p_4 >= 0
 max_power_4: - 77.371632953875 y_4 + p_4 <= 0
 min_power_5: - 14.401089693240 y_5 + p_5 >= 0
 max_power_5: - 53.879329767371 y_5 + p_5 <= 0

Bounds
       y_0 <= 1
       y_1 <= 1
       y_2 <= 1
       y_3 <= 1
       y_4 <= 1
       y_5 <= 1
       p_0 <= 75.145661876750
       p_1 <= 99.087095150693
       p_2 <= 70.733460341094
       p_3 <= 81.900277919636
       p_4 <= 77.371632953875
       p_5 <= 53.879329767371
End

2024-10-31 17:00:11,755 - admm_optimizer - DEBUG - u=[2.84561305e+01 2.97460744e+01 3.76848129e+01 2.97980015e+01
 2.43149808e+01 4.55820814e-08]
2024-10-31 17:00:11,755 - admm_optimizer - DEBUG - z=[7.10207639e-01 6.53319794e-01 7.12421381e-01 6.90808611e-01
 7.13429171e-01 2.44866132e-11]
2024-10-31 17:00:11,755 - admm_optimizer - DEBUG - lambda: [ 1.24614563e-05  1.79547221e-05 -4.85752048e-05  2.57767672e-05
 -1.01438008e-04 -6.32830244e+02]
2024-10-31 17:00:11,757 - admm_optimizer - DEBUG - cost_iterate=454.9607016349077, cr=4.5582166625480664e-08, merit=454.96074721707436
2024-10-31 17:00:11,757 - admm_optimizer - DEBUG - Iteration: 3
2024-10-31 17:00:11,757 - admm_optimizer - DEBUG - q0: [[0. 0. 0. 0. 0. 0.]
 [0. 0. 0. 0. 0. 0.]
 [0. 0. 0. 0. 0. 0.]
 [0. 0. 0. 0. 0. 0.]
 [0. 0. 0. 0. 0. 0.]
 [0. 0. 0. 0. 0. 0.]]
2024-10-31 17:00:11,758 - admm_optimizer - DEBUG - factor_c: 100
2024-10-31 17:00:11,758 - admm_optimizer - DEBUG - a0: [[0 0 0 0 0 0]]
2024-10-31 17:00:11,758 - admm_optimizer - DEBUG - a0T dot a0:
 [[0 0 0 0 0 0]
 [0 0 0 0 0 0]
 [0 0 0 0 0 0]
 [0 0 0 0 0 0]
 [0 0 0 0 0 0]
 [0 0 0 0 0 0]]
2024-10-31 17:00:11,758 - admm_optimizer - DEBUG - rho: 3025.0000000000005
2024-10-31 17:00:11,758 - admm_optimizer - DEBUG - Identity: 
[[1. 0. 0. 0. 0. 0.]
 [0. 1. 0. 0. 0. 0.]
 [0. 0. 1. 0. 0. 0.]
 [0. 0. 0. 1. 0. 0.]
 [0. 0. 0. 0. 1. 0.]
 [0. 0. 0. 0. 0. 1.]]
2024-10-31 17:00:11,758 - admm_optimizer - DEBUG - Quadratic Objective:
 [[1512.5    0.     0.     0.     0.     0. ]
 [   0.  1512.5    0.     0.     0.     0. ]
 [   0.     0.  1512.5    0.     0.     0. ]
 [   0.     0.     0.  1512.5    0.     0. ]
 [   0.     0.     0.     0.  1512.5    0. ]
 [   0.     0.     0.     0.     0.  1512.5]]
2024-10-31 17:00:11,758 - admm_optimizer - DEBUG - 

LINEAR OBJECTIVE
2024-10-31 17:00:11,758 - admm_optimizer - DEBUG - c0: [34.74946745 12.00877516 17.53902176 32.47628651 28.63286441 31.50925845]
2024-10-31 17:00:11,758 - admm_optimizer - DEBUG - factor_c: 100
2024-10-31 17:00:11,758 - admm_optimizer - DEBUG - b0:[0.]
2024-10-31 17:00:11,759 - admm_optimizer - DEBUG - dot(b0, a0): [0. 0. 0. 0. 0. 0.]
2024-10-31 17:00:11,759 - admm_optimizer - DEBUG - y[relative_indices]: [0. 0. 0. 0. 0. 0.]
2024-10-31 17:00:11,759 - admm_optimizer - DEBUG - z[relative_indices]: [7.10207639e-01 6.53319794e-01 7.12421381e-01 6.90808611e-01
 7.13429171e-01 2.44866132e-11]
2024-10-31 17:00:11,759 - admm_optimizer - DEBUG - lambda_mult[relative_indices]: [ 1.24614563e-05  1.79547221e-05 -4.85752048e-05  2.57767672e-05
 -1.01438008e-04 -6.32830244e+02]
2024-10-31 17:00:11,759 - admm_optimizer - DEBUG - Linear Objective: [-2113.62862877 -1964.28358522 -2137.53570386 -2057.21973527
 -2129.49047845  -601.32098516]
2024-10-31 17:00:11,762 - qiskit_algorithms.eigensolvers.numpy_eigensolver - DEBUG - NumpyEigensolverResult:
{   'aux_operators_evaluated': None,
    'eigenstates': [   Statevector([0.+0.j, 0.+0.j, 0.+0.j, 0.+0.j, 0.+0.j, 0.+0.j, 0.+0.j,
             0.+0.j, 0.+0.j, 0.+0.j, 0.+0.j, 0.+0.j, 0.+0.j, 0.+0.j,
             0.+0.j, 0.+0.j, 0.+0.j, 0.+0.j, 0.+0.j, 0.+0.j, 0.+0.j,
             0.+0.j, 0.+0.j, 0.+0.j, 0.+0.j, 0.+0.j, 0.+0.j, 0.+0.j,
             0.+0.j, 0.+0.j, 0.+0.j, 1.+0.j, 0.+0.j, 0.+0.j, 0.+0.j,
             0.+0.j, 0.+0.j, 0.+0.j, 0.+0.j, 0.+0.j, 0.+0.j, 0.+0.j,
             0.+0.j, 0.+0.j, 0.+0.j, 0.+0.j, 0.+0.j, 0.+0.j, 0.+0.j,
             0.+0.j, 0.+0.j, 0.+0.j, 0.+0.j, 0.+0.j, 0.+0.j, 0.+0.j,
             0.+0.j, 0.+0.j, 0.+0.j, 0.+0.j, 0.+0.j, 0.+0.j, 0.+0.j,
             0.+0.j],
            dims=(2, 2, 2, 2, 2, 2))],
    'eigenvalues': array([-1875.41857321+0.j])}
2024-10-31 17:00:11,763 - qiskit_algorithms.minimum_eigensolvers.numpy_minimum_eigensolver - DEBUG - NumPy minimum eigensolver result: {   'aux_operators_evaluated': None,
    'eigenstate': Statevector([0.+0.j, 0.+0.j, 0.+0.j, 0.+0.j, 0.+0.j, 0.+0.j, 0.+0.j,
             0.+0.j, 0.+0.j, 0.+0.j, 0.+0.j, 0.+0.j, 0.+0.j, 0.+0.j,
             0.+0.j, 0.+0.j, 0.+0.j, 0.+0.j, 0.+0.j, 0.+0.j, 0.+0.j,
             0.+0.j, 0.+0.j, 0.+0.j, 0.+0.j, 0.+0.j, 0.+0.j, 0.+0.j,
             0.+0.j, 0.+0.j, 0.+0.j, 1.+0.j, 0.+0.j, 0.+0.j, 0.+0.j,
             0.+0.j, 0.+0.j, 0.+0.j, 0.+0.j, 0.+0.j, 0.+0.j, 0.+0.j,
             0.+0.j, 0.+0.j, 0.+0.j, 0.+0.j, 0.+0.j, 0.+0.j, 0.+0.j,
             0.+0.j, 0.+0.j, 0.+0.j, 0.+0.j, 0.+0.j, 0.+0.j, 0.+0.j,
             0.+0.j, 0.+0.j, 0.+0.j, 0.+0.j, 0.+0.j, 0.+0.j, 0.+0.j,
             0.+0.j],
            dims=(2, 2, 2, 2, 2, 2)),
    'eigenvalue': np.complex128(-1875.4185732054375+0j)}
2024-10-31 17:00:11,765 - admm_optimizer - DEBUG - Step 1 sub-problem: \ This file has been generated by DOcplex
\ ENCODING=ISO-8859-1
\Problem name: CPLEX

Minimize
 obj: - 2113.628628767387 y_0 - 1964.283585220425 y_1 - 2137.535703855388 y_2
      - 2057.219735269950 y_3 - 2129.490478453497 y_4 - 601.320985155771 y_5 + [
      3025.000000000000 y_0^2 + 3025.000000000000 y_1^2
      + 3025.000000000000 y_2^2 + 3025.000000000000 y_3^2
      + 3025.000000000000 y_4^2 + 3025.000000000000 y_5^2 ]/2
Subject To

Bounds
 0 <= y_0 <= 1
 0 <= y_1 <= 1
 0 <= y_2 <= 1
 0 <= y_3 <= 1
 0 <= y_4 <= 1
 0 <= y_5 <= 1

Binaries
 y_0 y_1 y_2 y_3 y_4 y_5
End

2024-10-31 17:00:11,765 - admm_optimizer - DEBUG - x0=[1. 1. 1. 1. 1. 0.]
2024-10-31 17:00:12,287 - qiskit_optimization.algorithms.multistart_optimizer - DEBUG - minimize done in: 0.5216729640960693 seconds
2024-10-31 17:00:12,294 - admm_optimizer - DEBUG - vars_op2: [9.99993092e-01 9.99994195e-01 9.99994975e-01 1.00000000e+00
 9.99999924e-01 0.00000000e+00 2.84699112e+01 2.97343903e+01
 3.76810868e+01 2.97972855e+01 2.43173261e+01 1.25315548e-07]
2024-10-31 17:00:12,294 - admm_optimizer - DEBUG - vars_u: [2.84699112e+01 2.97343903e+01 3.76810868e+01 2.97972855e+01
 2.43173261e+01 1.25315548e-07]
2024-10-31 17:00:12,294 - admm_optimizer - DEBUG - vars_z: [0.99999309 0.99999419 0.99999497 1.         0.99999992 0.        ]
2024-10-31 17:00:12,295 - admm_optimizer - DEBUG - Step 2 sub-problem: \ This file has been generated by DOcplex
\ ENCODING=ISO-8859-1
\Problem name: unit_commitment

Minimize
 obj: - 3025.000012461457 y_0 - 3025.000017954722 y_1 - 3024.999951424796 y_2
      - 3025.000025776768 y_3 - 3024.999898561993 y_4 + 632.830243530445 y_5
      + 0.800725536916 p_0 + 1.300259136615 p_1 + 0.976449506922 p_2
      + 0.525551156031 p_3 + 1.400669234135 p_4 + 1.036595198377 p_5 + [
      3025.000000000000 y_0^2 + 3025.000000000000 y_1^2
      + 3025.000000000000 y_2^2 + 3025.000000000000 y_3^2
      + 3025.000000000000 y_4^2 + 3025.000000000000 y_5^2 + 0.091561511863 p_0^2
      + 0.070869930433 p_1^2 + 0.064519030487 p_2^2 + 0.096722678833 p_3^2
      + 0.082531429949 p_4^2 + 0.060326284698 p_5^2 ]/2
Subject To
 power_balance: p_0 + p_1 + p_2 + p_3 + p_4 + p_5 = 150
 min_power_0: - 11.035111780969 y_0 + p_0 >= 0
 max_power_0: - 75.145661876750 y_0 + p_0 <= 0
 min_power_1: - 19.454787225748 y_1 + p_1 >= 0
 max_power_1: - 99.087095150693 y_1 + p_1 <= 0
 min_power_2: - 14.819734422792 y_2 + p_2 >= 0
 max_power_2: - 70.733460341094 y_2 + p_2 <= 0
 min_power_3: - 11.064594989825 y_3 + p_3 >= 0
 max_power_3: - 81.900277919636 y_3 + p_3 <= 0
 min_power_4: - 19.535339862176 y_4 + p_4 >= 0
 max_power_4: - 77.371632953875 y_4 + p_4 <= 0
 min_power_5: - 14.401089693240 y_5 + p_5 >= 0
 max_power_5: - 53.879329767371 y_5 + p_5 <= 0

Bounds
       y_0 <= 1
       y_1 <= 1
       y_2 <= 1
       y_3 <= 1
       y_4 <= 1
       y_5 <= 1
       p_0 <= 75.145661876750
       p_1 <= 99.087095150693
       p_2 <= 70.733460341094
       p_3 <= 81.900277919636
       p_4 <= 77.371632953875
       p_5 <= 53.879329767371
End

2024-10-31 17:00:12,296 - admm_optimizer - DEBUG - u=[2.84699112e+01 2.97343903e+01 3.76810868e+01 2.97972855e+01
 2.43173261e+01 1.25315548e-07]
2024-10-31 17:00:12,296 - admm_optimizer - DEBUG - z=[0.99999309 0.99999419 0.99999497 1.         0.99999992 0.        ]
2024-10-31 17:00:12,296 - admm_optimizer - DEBUG - lambda: [ 2.09098493e-02  1.75788977e-02  1.51530302e-02  2.57767672e-05
  1.28674677e-04 -6.32830244e+02]
2024-10-31 17:00:12,298 - admm_optimizer - DEBUG - cost_iterate=454.9606862777255, cr=1.2531557602199e-07, merit=454.9608115933015
2024-10-31 17:00:12,298 - admm_optimizer - DEBUG - Iteration: 4
2024-10-31 17:00:12,298 - admm_optimizer - DEBUG - q0: [[0. 0. 0. 0. 0. 0.]
 [0. 0. 0. 0. 0. 0.]
 [0. 0. 0. 0. 0. 0.]
 [0. 0. 0. 0. 0. 0.]
 [0. 0. 0. 0. 0. 0.]
 [0. 0. 0. 0. 0. 0.]]
2024-10-31 17:00:12,298 - admm_optimizer - DEBUG - factor_c: 100
2024-10-31 17:00:12,298 - admm_optimizer - DEBUG - a0: [[0 0 0 0 0 0]]
2024-10-31 17:00:12,299 - admm_optimizer - DEBUG - a0T dot a0:
 [[0 0 0 0 0 0]
 [0 0 0 0 0 0]
 [0 0 0 0 0 0]
 [0 0 0 0 0 0]
 [0 0 0 0 0 0]
 [0 0 0 0 0 0]]
2024-10-31 17:00:12,299 - admm_optimizer - DEBUG - rho: 3327.500000000001
2024-10-31 17:00:12,299 - admm_optimizer - DEBUG - Identity: 
[[1. 0. 0. 0. 0. 0.]
 [0. 1. 0. 0. 0. 0.]
 [0. 0. 1. 0. 0. 0.]
 [0. 0. 0. 1. 0. 0.]
 [0. 0. 0. 0. 1. 0.]
 [0. 0. 0. 0. 0. 1.]]
2024-10-31 17:00:12,299 - admm_optimizer - DEBUG - Quadratic Objective:
 [[1663.75    0.      0.      0.      0.      0.  ]
 [   0.   1663.75    0.      0.      0.      0.  ]
 [   0.      0.   1663.75    0.      0.      0.  ]
 [   0.      0.      0.   1663.75    0.      0.  ]
 [   0.      0.      0.      0.   1663.75    0.  ]
 [   0.      0.      0.      0.      0.   1663.75]]
2024-10-31 17:00:12,299 - admm_optimizer - DEBUG - 

LINEAR OBJECTIVE
2024-10-31 17:00:12,299 - admm_optimizer - DEBUG - c0: [34.74946745 12.00877516 17.53902176 32.47628651 28.63286441 31.50925845]
2024-10-31 17:00:12,299 - admm_optimizer - DEBUG - factor_c: 100
2024-10-31 17:00:12,299 - admm_optimizer - DEBUG - b0:[0.]
2024-10-31 17:00:12,299 - admm_optimizer - DEBUG - dot(b0, a0): [0. 0. 0. 0. 0. 0.]
2024-10-31 17:00:12,299 - admm_optimizer - DEBUG - y[relative_indices]: [0. 0. 0. 0. 0. 0.]
2024-10-31 17:00:12,299 - admm_optimizer - DEBUG - z[relative_indices]: [0.99999309 0.99999419 0.99999497 1.         0.99999992 0.        ]
2024-10-31 17:00:12,299 - admm_optimizer - DEBUG - lambda_mult[relative_indices]: [ 2.09098493e-02  1.75788977e-02  1.51530302e-02  2.57767672e-05
  1.28674677e-04 -6.32830244e+02]
2024-10-31 17:00:12,299 - admm_optimizer - DEBUG - Linear Objective: [-3292.70663557 -3315.4543289  -3309.92910345 -3295.02368771
 -3298.86675379  -601.32098508]
2024-10-31 17:00:12,303 - qiskit_algorithms.eigensolvers.numpy_eigensolver - DEBUG - NumpyEigensolverResult:
{   'aux_operators_evaluated': None,
    'eigenstates': [   Statevector([0.+0.j, 0.+0.j, 0.+0.j, 0.+0.j, 0.+0.j, 0.+0.j, 0.+0.j,
             0.+0.j, 0.+0.j, 0.+0.j, 0.+0.j, 0.+0.j, 0.+0.j, 0.+0.j,
             0.+0.j, 0.+0.j, 0.+0.j, 0.+0.j, 0.+0.j, 0.+0.j, 0.+0.j,
             0.+0.j, 0.+0.j, 0.+0.j, 0.+0.j, 0.+0.j, 0.+0.j, 0.+0.j,
             0.+0.j, 0.+0.j, 0.+0.j, 1.+0.j, 0.+0.j, 0.+0.j, 0.+0.j,
             0.+0.j, 0.+0.j, 0.+0.j, 0.+0.j, 0.+0.j, 0.+0.j, 0.+0.j,
             0.+0.j, 0.+0.j, 0.+0.j, 0.+0.j, 0.+0.j, 0.+0.j, 0.+0.j,
             0.+0.j, 0.+0.j, 0.+0.j, 0.+0.j, 0.+0.j, 0.+0.j, 0.+0.j,
             0.+0.j, 0.+0.j, 0.+0.j, 0.+0.j, 0.+0.j, 0.+0.j, 0.+0.j,
             0.+0.j],
            dims=(2, 2, 2, 2, 2, 2))],
    'eigenvalues': array([-4627.82976217+0.j])}
2024-10-31 17:00:12,304 - qiskit_algorithms.minimum_eigensolvers.numpy_minimum_eigensolver - DEBUG - NumPy minimum eigensolver result: {   'aux_operators_evaluated': None,
    'eigenstate': Statevector([0.+0.j, 0.+0.j, 0.+0.j, 0.+0.j, 0.+0.j, 0.+0.j, 0.+0.j,
             0.+0.j, 0.+0.j, 0.+0.j, 0.+0.j, 0.+0.j, 0.+0.j, 0.+0.j,
             0.+0.j, 0.+0.j, 0.+0.j, 0.+0.j, 0.+0.j, 0.+0.j, 0.+0.j,
             0.+0.j, 0.+0.j, 0.+0.j, 0.+0.j, 0.+0.j, 0.+0.j, 0.+0.j,
             0.+0.j, 0.+0.j, 0.+0.j, 1.+0.j, 0.+0.j, 0.+0.j, 0.+0.j,
             0.+0.j, 0.+0.j, 0.+0.j, 0.+0.j, 0.+0.j, 0.+0.j, 0.+0.j,
             0.+0.j, 0.+0.j, 0.+0.j, 0.+0.j, 0.+0.j, 0.+0.j, 0.+0.j,
             0.+0.j, 0.+0.j, 0.+0.j, 0.+0.j, 0.+0.j, 0.+0.j, 0.+0.j,
             0.+0.j, 0.+0.j, 0.+0.j, 0.+0.j, 0.+0.j, 0.+0.j, 0.+0.j,
             0.+0.j],
            dims=(2, 2, 2, 2, 2, 2)),
    'eigenvalue': np.complex128(-4627.829762172072+0j)}
2024-10-31 17:00:12,305 - admm_optimizer - DEBUG - Step 1 sub-problem: \ This file has been generated by DOcplex
\ ENCODING=ISO-8859-1
\Problem name: CPLEX

Minimize
 obj: - 3292.706635572837 y_0 - 3315.454328902819 y_1 - 3309.929103447719 y_2
      - 3295.023687711469 y_3 - 3298.866753791001 y_4 - 601.320985081699 y_5 + [
      3327.500000000001 y_0^2 + 3327.500000000001 y_1^2
      + 3327.500000000001 y_2^2 + 3327.500000000001 y_3^2
      + 3327.500000000001 y_4^2 + 3327.500000000001 y_5^2 ]/2
Subject To

Bounds
 0 <= y_0 <= 1
 0 <= y_1 <= 1
 0 <= y_2 <= 1
 0 <= y_3 <= 1
 0 <= y_4 <= 1
 0 <= y_5 <= 1

Binaries
 y_0 y_1 y_2 y_3 y_4 y_5
End

2024-10-31 17:00:12,305 - admm_optimizer - DEBUG - x0=[1. 1. 1. 1. 1. 0.]
2024-10-31 17:00:12,884 - qiskit_optimization.algorithms.multistart_optimizer - DEBUG - minimize done in: 0.5778598785400391 seconds
2024-10-31 17:00:12,891 - admm_optimizer - DEBUG - vars_op2: [1.00000000e+00 1.00000000e+00 1.00000000e+00 1.00000000e+00
 1.00000000e+00 0.00000000e+00 2.84702747e+01 2.97385109e+01
 3.76801514e+01 2.97925202e+01 2.43185428e+01 5.18466659e-08]
2024-10-31 17:00:12,892 - admm_optimizer - DEBUG - vars_u: [2.84702747e+01 2.97385109e+01 3.76801514e+01 2.97925202e+01
 2.43185428e+01 5.18466659e-08]
2024-10-31 17:00:12,892 - admm_optimizer - DEBUG - vars_z: [1. 1. 1. 1. 1. 0.]
2024-10-31 17:00:12,893 - admm_optimizer - DEBUG - Step 2 sub-problem: \ This file has been generated by DOcplex
\ ENCODING=ISO-8859-1
\Problem name: unit_commitment

Minimize
 obj: - 3327.520909849295 y_0 - 3327.517578897680 y_1 - 3327.515153030198 y_2
      - 3327.500025776768 y_3 - 3327.500128674677 y_4 + 632.830243530445 y_5
      + 0.800725536916 p_0 + 1.300259136615 p_1 + 0.976449506922 p_2
      + 0.525551156031 p_3 + 1.400669234135 p_4 + 1.036595198377 p_5 + [
      3327.500000000001 y_0^2 + 3327.500000000001 y_1^2
      + 3327.500000000001 y_2^2 + 3327.500000000001 y_3^2
      + 3327.500000000001 y_4^2 + 3327.500000000001 y_5^2 + 0.091561511863 p_0^2
      + 0.070869930433 p_1^2 + 0.064519030487 p_2^2 + 0.096722678833 p_3^2
      + 0.082531429949 p_4^2 + 0.060326284698 p_5^2 ]/2
Subject To
 power_balance: p_0 + p_1 + p_2 + p_3 + p_4 + p_5 = 150
 min_power_0: - 11.035111780969 y_0 + p_0 >= 0
 max_power_0: - 75.145661876750 y_0 + p_0 <= 0
 min_power_1: - 19.454787225748 y_1 + p_1 >= 0
 max_power_1: - 99.087095150693 y_1 + p_1 <= 0
 min_power_2: - 14.819734422792 y_2 + p_2 >= 0
 max_power_2: - 70.733460341094 y_2 + p_2 <= 0
 min_power_3: - 11.064594989825 y_3 + p_3 >= 0
 max_power_3: - 81.900277919636 y_3 + p_3 <= 0
 min_power_4: - 19.535339862176 y_4 + p_4 >= 0
 max_power_4: - 77.371632953875 y_4 + p_4 <= 0
 min_power_5: - 14.401089693240 y_5 + p_5 >= 0
 max_power_5: - 53.879329767371 y_5 + p_5 <= 0

Bounds
       y_0 <= 1
       y_1 <= 1
       y_2 <= 1
       y_3 <= 1
       y_4 <= 1
       y_5 <= 1
       p_0 <= 75.145661876750
       p_1 <= 99.087095150693
       p_2 <= 70.733460341094
       p_3 <= 81.900277919636
       p_4 <= 77.371632953875
       p_5 <= 53.879329767371
End

2024-10-31 17:00:12,893 - admm_optimizer - DEBUG - u=[2.84702747e+01 2.97385109e+01 3.76801514e+01 2.97925202e+01
 2.43185428e+01 5.18466659e-08]
2024-10-31 17:00:12,893 - admm_optimizer - DEBUG - z=[1. 1. 1. 1. 1. 0.]
2024-10-31 17:00:12,893 - admm_optimizer - DEBUG - lambda: [ 2.09098493e-02  1.75788977e-02  1.51530302e-02  2.57767672e-05
  1.28674677e-04 -6.32830244e+02]
2024-10-31 17:00:12,895 - admm_optimizer - DEBUG - cost_iterate=454.9606878287982, cr=5.1846665878494726e-08, merit=454.9607396754641
2024-10-31 17:00:12,895 - admm_optimizer - DEBUG - solution=[1.00000000e+00 1.00000000e+00 1.00000000e+00 1.00000000e+00
 1.00000000e+00 0.00000000e+00 2.84702747e+01 2.97385109e+01
 3.76801514e+01 2.97925202e+01 2.43185428e+01 5.18466659e-08], objective=454.9606878287982 at iteration=4
